[21:47:24] [modloading-worker-0/INFO] [REI] Registered plugin provider DefaultPluginImpl [roughlyenoughitems] for REIServerPlugin
[21:47:24] [modloading-worker-0/INFO] [REI] Registered plugin provider DefaultPluginImpl [roughlyenoughitems] for REIPlugin
[21:47:24] [modloading-worker-0/INFO] [REI] Registered plugin provider DefaultRuntimePlugin [roughlyenoughitems] for REIServerPlugin
[21:47:24] [modloading-worker-0/INFO] [REI] Registered plugin provider DefaultRuntimePlugin [roughlyenoughitems] for REIPlugin
[21:47:24] [modloading-worker-0/INFO] [REI] Registered plugin provider JEIExtraPlugin [roughlyenoughitems] for REIServerPlugin
[21:47:24] [modloading-worker-0/INFO] [REI] Registered plugin provider JEIExtraPlugin [roughlyenoughitems] for REIPlugin
[21:48:57] [Worker-Main-12/TRACE] [REI] [START] Reloading Section: "pre-register/"
[21:48:57] [Worker-Main-12/TRACE] [REI] [START] Reloading Section: "pre-register/DefaultPluginImpl [roughlyenoughitems]/"
[21:48:57] [Worker-Main-12/TRACE] [REI] [START] Reloading Section: "pre-register/DefaultPluginImpl [roughlyenoughitems]/" done in 1.680 ms
[21:48:57] [Worker-Main-12/TRACE] [REI] [START] Reloading Section: "pre-register/JEIExtraPlugin [roughlyenoughitems]/"
[21:48:57] [Worker-Main-12/TRACE] [REI] [START] Reloading Section: "pre-register/JEIExtraPlugin [roughlyenoughitems]/" done in 29.98 μs
[21:48:57] [Worker-Main-12/TRACE] [REI] [START] Reloading Section: "pre-register/DefaultRuntimePlugin [roughlyenoughitems]/"
[21:48:57] [Worker-Main-12/TRACE] [REI] [START] Reloading Section: "pre-register/DefaultRuntimePlugin [roughlyenoughitems]/" done in 26.45 μs
[21:48:57] [Worker-Main-12/TRACE] [REI] [START] Reloading Section: "pre-register/" done in 34.11 ms
[21:48:57] [Worker-Main-12/TRACE] [REI] [START] Reloading Section: "pre-register/"
[21:48:57] [Worker-Main-12/TRACE] [REI] [START] Reloading Section: "pre-register/DefaultPluginImpl [roughlyenoughitems]/"
[21:48:57] [Worker-Main-12/TRACE] [REI] [START] Reloading Section: "pre-register/DefaultPluginImpl [roughlyenoughitems]/" done in 32.60 μs
[21:48:57] [Worker-Main-12/TRACE] [REI] [START] Reloading Section: "pre-register/JEIExtraPlugin [roughlyenoughitems]/"
[21:48:57] [Worker-Main-12/TRACE] [REI] [START] Reloading Section: "pre-register/JEIExtraPlugin [roughlyenoughitems]/" done in 19.61 μs
[21:48:57] [Worker-Main-12/TRACE] [REI] [START] Reloading Section: "pre-register/DefaultRuntimePlugin [roughlyenoughitems]/"
[21:48:57] [Worker-Main-12/TRACE] [REI] [START] Reloading Section: "pre-register/DefaultRuntimePlugin [roughlyenoughitems]/" done in 10.83 μs
[21:48:57] [Worker-Main-12/TRACE] [REI] [START] Reloading Section: "pre-register/" done in 1.950 ms
[21:48:57] [Worker-Main-12/TRACE] [REI] [START] Reloading Section: "start-reload/"
[21:48:57] [Worker-Main-12/TRACE] [REI] [START] Reloading Section: "start-reload/EntryTypeRegistryImpl/"
[21:48:57] [Worker-Main-12/TRACE] [REI] [START] Reloading Section: "start-reload/EntryTypeRegistryImpl/" done in 609.8 μs
[21:48:57] [Worker-Main-12/TRACE] [REI] [START] Reloading Section: "start-reload/EntrySettingsAdapterRegistryImpl/"
[21:48:57] [Worker-Main-12/TRACE] [REI] [START] Reloading Section: "start-reload/EntrySettingsAdapterRegistryImpl/" done in 13.20 μs
[21:48:57] [Worker-Main-12/TRACE] [REI] [START] Reloading Section: "start-reload/RecipeManagerContextImpl/"
[21:48:57] [Worker-Main-12/TRACE] [REI] [START] Reloading Section: "start-reload/RecipeManagerContextImpl/" done in 11.84 μs
[21:48:57] [Worker-Main-12/TRACE] [REI] [START] Reloading Section: "start-reload/ItemComparatorRegistryImpl/"
[21:48:57] [Worker-Main-12/TRACE] [REI] [START] Reloading Section: "start-reload/ItemComparatorRegistryImpl/" done in 118.6 μs
[21:48:57] [Worker-Main-12/TRACE] [REI] [START] Reloading Section: "start-reload/FluidComparatorRegistryImpl/"
[21:48:57] [Worker-Main-12/TRACE] [REI] [START] Reloading Section: "start-reload/FluidComparatorRegistryImpl/" done in 16.96 μs
[21:48:57] [Worker-Main-12/TRACE] [REI] [START] Reloading Section: "start-reload/DisplaySerializerRegistryImpl/"
[21:48:57] [Worker-Main-12/TRACE] [REI] [START] Reloading Section: "start-reload/DisplaySerializerRegistryImpl/" done in 9.739 μs
[21:48:57] [Worker-Main-12/TRACE] [REI] [START] Reloading Section: "start-reload/FluidSupportProviderImpl/"
[21:48:57] [Worker-Main-12/TRACE] [REI] [START] Reloading Section: "start-reload/FluidSupportProviderImpl/" done in 863.0 μs
[21:48:57] [Worker-Main-12/TRACE] [REI] [START] Reloading Section: "start-reload/" done in 6.571 ms
[21:48:57] [Worker-Main-12/INFO] [REI] Reloading Plugin Manager [REIPlugin] stage [START], registered 3 plugins: DefaultRuntimePlugin [roughlyenoughitems], JEIExtraPlugin [roughlyenoughitems], DefaultPluginImpl [roughlyenoughitems]
[21:48:57] [Worker-Main-12/TRACE] [REI] [START] Reloading Section: "reloadable-plugin/EntryTypeRegistryImpl/"
[21:48:57] [Worker-Main-12/TRACE] [REI] [START] Reloading Section: "reloadable-plugin/EntryTypeRegistryImpl/DefaultPluginImpl [roughlyenoughitems]/"
[21:48:57] [Worker-Main-12/TRACE] [REI] [START] Reloading Section: "reloadable-plugin/EntryTypeRegistryImpl/DefaultPluginImpl [roughlyenoughitems]/" done in 536.8 μs
[21:48:57] [Worker-Main-12/TRACE] [REI] [START] Reloading Section: "reloadable-plugin/EntryTypeRegistryImpl/JEIExtraPlugin [roughlyenoughitems]/"
[21:48:57] [Worker-Main-12/TRACE] [REI] [START] Reloading Section: "reloadable-plugin/EntryTypeRegistryImpl/JEIExtraPlugin [roughlyenoughitems]/" done in 23.50 μs
[21:48:57] [Worker-Main-12/TRACE] [REI] [START] Reloading Section: "reloadable-plugin/EntryTypeRegistryImpl/DefaultRuntimePlugin [roughlyenoughitems]/"
[21:48:57] [Worker-Main-12/TRACE] [REI] [START] Reloading Section: "reloadable-plugin/EntryTypeRegistryImpl/DefaultRuntimePlugin [roughlyenoughitems]/" done in 23.22 ms
[21:48:57] [Worker-Main-12/TRACE] [REI] [START] Reloading Section: "reloadable-plugin/EntryTypeRegistryImpl/" done in 27.31 ms
[21:48:57] [Worker-Main-12/TRACE] [REI] [START] Reloading Section: "reloadable-plugin/EntrySettingsAdapterRegistryImpl/"
[21:48:57] [Worker-Main-12/TRACE] [REI] [START] Reloading Section: "reloadable-plugin/EntrySettingsAdapterRegistryImpl/DefaultPluginImpl [roughlyenoughitems]/"
[21:48:57] [Worker-Main-12/TRACE] [REI] [START] Reloading Section: "reloadable-plugin/EntrySettingsAdapterRegistryImpl/DefaultPluginImpl [roughlyenoughitems]/" done in 24.08 μs
[21:48:57] [Worker-Main-12/TRACE] [REI] [START] Reloading Section: "reloadable-plugin/EntrySettingsAdapterRegistryImpl/JEIExtraPlugin [roughlyenoughitems]/"
[21:48:57] [Worker-Main-12/TRACE] [REI] [START] Reloading Section: "reloadable-plugin/EntrySettingsAdapterRegistryImpl/JEIExtraPlugin [roughlyenoughitems]/" done in 16.48 μs
[21:48:57] [Worker-Main-12/TRACE] [REI] [START] Reloading Section: "reloadable-plugin/EntrySettingsAdapterRegistryImpl/DefaultRuntimePlugin [roughlyenoughitems]/"
[21:48:57] [Worker-Main-12/TRACE] [REI] [START] Reloading Section: "reloadable-plugin/EntrySettingsAdapterRegistryImpl/DefaultRuntimePlugin [roughlyenoughitems]/" done in 16.42 μs
[21:48:57] [Worker-Main-12/TRACE] [REI] [START] Reloading Section: "reloadable-plugin/EntrySettingsAdapterRegistryImpl/" done in 1.801 ms
[21:48:57] [Worker-Main-12/TRACE] [REI] [START] Reloading Section: "reloadable-plugin/RecipeManagerContextImpl/"
[21:48:57] [Worker-Main-12/TRACE] [REI] [START] Reloading Section: "reloadable-plugin/RecipeManagerContextImpl/DefaultPluginImpl [roughlyenoughitems]/"
[21:48:57] [Worker-Main-12/TRACE] [REI] [START] Reloading Section: "reloadable-plugin/RecipeManagerContextImpl/DefaultPluginImpl [roughlyenoughitems]/" done in 19.19 μs
[21:48:57] [Worker-Main-12/TRACE] [REI] [START] Reloading Section: "reloadable-plugin/RecipeManagerContextImpl/JEIExtraPlugin [roughlyenoughitems]/"
[21:48:57] [Worker-Main-12/TRACE] [REI] [START] Reloading Section: "reloadable-plugin/RecipeManagerContextImpl/JEIExtraPlugin [roughlyenoughitems]/" done in 14.96 μs
[21:48:57] [Worker-Main-12/TRACE] [REI] [START] Reloading Section: "reloadable-plugin/RecipeManagerContextImpl/DefaultRuntimePlugin [roughlyenoughitems]/"
[21:48:57] [Worker-Main-12/TRACE] [REI] [START] Reloading Section: "reloadable-plugin/RecipeManagerContextImpl/DefaultRuntimePlugin [roughlyenoughitems]/" done in 14.23 μs
[21:48:57] [Worker-Main-12/TRACE] [REI] [START] Reloading Section: "reloadable-plugin/RecipeManagerContextImpl/" done in 1.838 ms
[21:48:57] [Worker-Main-12/TRACE] [REI] [START] Reloading Section: "reloadable-plugin/ItemComparatorRegistryImpl/"
[21:48:57] [Worker-Main-12/TRACE] [REI] [START] Reloading Section: "reloadable-plugin/ItemComparatorRegistryImpl/DefaultPluginImpl [roughlyenoughitems]/"
[21:48:57] [Worker-Main-12/TRACE] [REI] [START] Reloading Section: "reloadable-plugin/ItemComparatorRegistryImpl/DefaultPluginImpl [roughlyenoughitems]/" done in 1.798 ms
[21:48:57] [Worker-Main-12/TRACE] [REI] [START] Reloading Section: "reloadable-plugin/ItemComparatorRegistryImpl/JEIExtraPlugin [roughlyenoughitems]/"
[21:48:57] [Worker-Main-12/TRACE] [REI] [START] Reloading Section: "reloadable-plugin/ItemComparatorRegistryImpl/JEIExtraPlugin [roughlyenoughitems]/" done in 32.62 μs
[21:48:57] [Worker-Main-12/TRACE] [REI] [START] Reloading Section: "reloadable-plugin/ItemComparatorRegistryImpl/DefaultRuntimePlugin [roughlyenoughitems]/"
[21:48:57] [Worker-Main-12/TRACE] [REI] [START] Reloading Section: "reloadable-plugin/ItemComparatorRegistryImpl/DefaultRuntimePlugin [roughlyenoughitems]/" done in 20.12 μs
[21:48:57] [Worker-Main-12/TRACE] [REI] [START] Reloading Section: "reloadable-plugin/ItemComparatorRegistryImpl/" done in 4.172 ms
[21:48:57] [Worker-Main-12/TRACE] [REI] [START] Reloading Section: "reloadable-plugin/FluidComparatorRegistryImpl/"
[21:48:57] [Worker-Main-12/TRACE] [REI] [START] Reloading Section: "reloadable-plugin/FluidComparatorRegistryImpl/DefaultPluginImpl [roughlyenoughitems]/"
[21:48:57] [Worker-Main-12/TRACE] [REI] [START] Reloading Section: "reloadable-plugin/FluidComparatorRegistryImpl/DefaultPluginImpl [roughlyenoughitems]/" done in 100.1 μs
[21:48:57] [Worker-Main-12/TRACE] [REI] [START] Reloading Section: "reloadable-plugin/FluidComparatorRegistryImpl/JEIExtraPlugin [roughlyenoughitems]/"
[21:48:57] [Worker-Main-12/TRACE] [REI] [START] Reloading Section: "reloadable-plugin/FluidComparatorRegistryImpl/JEIExtraPlugin [roughlyenoughitems]/" done in 15.46 μs
[21:48:57] [Worker-Main-12/TRACE] [REI] [START] Reloading Section: "reloadable-plugin/FluidComparatorRegistryImpl/DefaultRuntimePlugin [roughlyenoughitems]/"
[21:48:57] [Worker-Main-12/TRACE] [REI] [START] Reloading Section: "reloadable-plugin/FluidComparatorRegistryImpl/DefaultRuntimePlugin [roughlyenoughitems]/" done in 12.94 μs
[21:48:57] [Worker-Main-12/TRACE] [REI] [START] Reloading Section: "reloadable-plugin/FluidComparatorRegistryImpl/" done in 1.577 ms
[21:48:57] [Worker-Main-12/TRACE] [REI] [START] Reloading Section: "reloadable-plugin/DisplaySerializerRegistryImpl/"
[21:48:57] [Worker-Main-12/TRACE] [REI] [START] Reloading Section: "reloadable-plugin/DisplaySerializerRegistryImpl/DefaultPluginImpl [roughlyenoughitems]/"
[21:48:57] [Worker-Main-12/TRACE] [REI] [START] Reloading Section: "reloadable-plugin/DisplaySerializerRegistryImpl/DefaultPluginImpl [roughlyenoughitems]/" done in 15.35 μs
[21:48:57] [Worker-Main-12/TRACE] [REI] [START] Reloading Section: "reloadable-plugin/DisplaySerializerRegistryImpl/JEIExtraPlugin [roughlyenoughitems]/"
[21:48:57] [Worker-Main-12/TRACE] [REI] [START] Reloading Section: "reloadable-plugin/DisplaySerializerRegistryImpl/JEIExtraPlugin [roughlyenoughitems]/" done in 12.80 μs
[21:48:57] [Worker-Main-12/TRACE] [REI] [START] Reloading Section: "reloadable-plugin/DisplaySerializerRegistryImpl/DefaultRuntimePlugin [roughlyenoughitems]/"
[21:48:57] [Worker-Main-12/TRACE] [REI] [START] Reloading Section: "reloadable-plugin/DisplaySerializerRegistryImpl/DefaultRuntimePlugin [roughlyenoughitems]/" done in 17.36 μs
[21:48:57] [Worker-Main-12/TRACE] [REI] [START] Reloading Section: "reloadable-plugin/DisplaySerializerRegistryImpl/" done in 1.639 ms
[21:48:57] [Worker-Main-12/TRACE] [REI] [START] Reloading Section: "reloadable-plugin/FluidSupportProviderImpl/"
[21:48:57] [Worker-Main-12/TRACE] [REI] [START] Reloading Section: "reloadable-plugin/FluidSupportProviderImpl/DefaultPluginImpl [roughlyenoughitems]/"
[21:48:57] [Worker-Main-12/TRACE] [REI] [START] Reloading Section: "reloadable-plugin/FluidSupportProviderImpl/DefaultPluginImpl [roughlyenoughitems]/" done in 1.424 ms
[21:48:57] [Worker-Main-12/TRACE] [REI] [START] Reloading Section: "reloadable-plugin/FluidSupportProviderImpl/JEIExtraPlugin [roughlyenoughitems]/"
[21:48:57] [Worker-Main-12/TRACE] [REI] [START] Reloading Section: "reloadable-plugin/FluidSupportProviderImpl/JEIExtraPlugin [roughlyenoughitems]/" done in 25.73 μs
[21:48:57] [Worker-Main-12/TRACE] [REI] [START] Reloading Section: "reloadable-plugin/FluidSupportProviderImpl/DefaultRuntimePlugin [roughlyenoughitems]/"
[21:48:57] [Worker-Main-12/TRACE] [REI] [START] Reloading Section: "reloadable-plugin/FluidSupportProviderImpl/DefaultRuntimePlugin [roughlyenoughitems]/" done in 16.68 μs
[21:48:57] [Worker-Main-12/TRACE] [REI] [START] Reloading Section: "reloadable-plugin/FluidSupportProviderImpl/" done in 3.175 ms
[21:48:57] [Worker-Main-12/TRACE] [REI] [START] Reloading Section: "end-reload/"
[21:48:57] [Worker-Main-12/TRACE] [REI] [START] Reloading Section: "end-reload/EntryTypeRegistryImpl/"
[21:48:57] [Worker-Main-12/TRACE] [REI] [START] Reloading Section: "end-reload/EntryTypeRegistryImpl/" done in 15.36 μs
[21:48:57] [Worker-Main-12/TRACE] [REI] [START] Reloading Section: "end-reload/EntrySettingsAdapterRegistryImpl/"
[21:48:57] [Worker-Main-12/TRACE] [REI] [START] Reloading Section: "end-reload/EntrySettingsAdapterRegistryImpl/" done in 7.564 μs
[21:48:57] [Worker-Main-12/TRACE] [REI] [START] Reloading Section: "end-reload/RecipeManagerContextImpl/"
[21:48:57] [Worker-Main-12/TRACE] [REI] [START] Reloading Section: "end-reload/RecipeManagerContextImpl/" done in 8.416 μs
[21:48:57] [Worker-Main-12/TRACE] [REI] [START] Reloading Section: "end-reload/ItemComparatorRegistryImpl/"
[21:48:57] [Worker-Main-12/TRACE] [REI] [START] Reloading Section: "end-reload/ItemComparatorRegistryImpl/" done in 9.148 μs
[21:48:57] [Worker-Main-12/TRACE] [REI] [START] Reloading Section: "end-reload/FluidComparatorRegistryImpl/"
[21:48:57] [Worker-Main-12/TRACE] [REI] [START] Reloading Section: "end-reload/FluidComparatorRegistryImpl/" done in 6.523 μs
[21:48:57] [Worker-Main-12/TRACE] [REI] [START] Reloading Section: "end-reload/DisplaySerializerRegistryImpl/"
[21:48:57] [Worker-Main-12/TRACE] [REI] [START] Reloading Section: "end-reload/DisplaySerializerRegistryImpl/" done in 8.125 μs
[21:48:57] [Worker-Main-12/TRACE] [REI] [START] Reloading Section: "end-reload/FluidSupportProviderImpl/"
[21:48:57] [Worker-Main-12/TRACE] [REI] [START] Reloading Section: "end-reload/FluidSupportProviderImpl/" done in 18.36 μs
[21:48:57] [Worker-Main-12/TRACE] [REI] [START] Reloading Section: "end-reload/" done in 3.558 ms
[21:48:57] [Worker-Main-12/TRACE] [REI] [START] Reloading Section: "start-reload/"
[21:48:57] [Worker-Main-12/TRACE] [REI] [START] Reloading Section: "start-reload/MenuInfoRegistryImpl/"
[21:48:57] [Worker-Main-12/TRACE] [REI] [START] Reloading Section: "start-reload/MenuInfoRegistryImpl/" done in 22.50 μs
[21:48:57] [Worker-Main-12/TRACE] [REI] [START] Reloading Section: "start-reload/" done in 798.1 μs
[21:48:57] [Worker-Main-12/INFO] [REI] Reloading Plugin Manager [REIServerPlugin] stage [START], registered 3 plugins: DefaultRuntimePlugin [roughlyenoughitems], JEIExtraPlugin [roughlyenoughitems], DefaultPluginImpl [roughlyenoughitems]
[21:48:57] [Worker-Main-12/TRACE] [REI] [START] Reloading Section: "reloadable-plugin/MenuInfoRegistryImpl/"
[21:48:57] [Worker-Main-12/TRACE] [REI] [START] Reloading Section: "reloadable-plugin/MenuInfoRegistryImpl/DefaultPluginImpl [roughlyenoughitems]/"
[21:48:57] [Worker-Main-12/TRACE] [REI] [START] Reloading Section: "reloadable-plugin/MenuInfoRegistryImpl/DefaultPluginImpl [roughlyenoughitems]/" done in 30.86 μs
[21:48:57] [Worker-Main-12/TRACE] [REI] [START] Reloading Section: "reloadable-plugin/MenuInfoRegistryImpl/JEIExtraPlugin [roughlyenoughitems]/"
[21:48:57] [Worker-Main-12/TRACE] [REI] [START] Reloading Section: "reloadable-plugin/MenuInfoRegistryImpl/JEIExtraPlugin [roughlyenoughitems]/" done in 20.14 μs
[21:48:57] [Worker-Main-12/TRACE] [REI] [START] Reloading Section: "reloadable-plugin/MenuInfoRegistryImpl/DefaultRuntimePlugin [roughlyenoughitems]/"
[21:48:57] [Worker-Main-12/TRACE] [REI] [START] Reloading Section: "reloadable-plugin/MenuInfoRegistryImpl/DefaultRuntimePlugin [roughlyenoughitems]/" done in 15.24 μs
[21:48:57] [Worker-Main-12/TRACE] [REI] [START] Reloading Section: "reloadable-plugin/MenuInfoRegistryImpl/" done in 1.712 ms
[21:48:57] [Worker-Main-12/TRACE] [REI] [START] Reloading Section: "end-reload/"
[21:48:57] [Worker-Main-12/TRACE] [REI] [START] Reloading Section: "end-reload/MenuInfoRegistryImpl/"
[21:48:57] [Worker-Main-12/TRACE] [REI] [START] Reloading Section: "end-reload/MenuInfoRegistryImpl/" done in 10.37 μs
[21:48:57] [Worker-Main-12/TRACE] [REI] [START] Reloading Section: "end-reload/" done in 450.8 μs
[21:48:57] [Worker-Main-12/TRACE] [REI] [START] Reloading Section: "post-register/"
[21:48:57] [Worker-Main-12/TRACE] [REI] [START] Reloading Section: "post-register/DefaultPluginImpl [roughlyenoughitems]/"
[21:48:57] [Worker-Main-12/TRACE] [REI] [START] Reloading Section: "post-register/DefaultPluginImpl [roughlyenoughitems]/" done in 173.2 μs
[21:48:57] [Worker-Main-12/TRACE] [REI] [START] Reloading Section: "post-register/JEIExtraPlugin [roughlyenoughitems]/"
[21:48:57] [Worker-Main-12/TRACE] [REI] [START] Reloading Section: "post-register/JEIExtraPlugin [roughlyenoughitems]/" done in 18.11 μs
[21:48:57] [Worker-Main-12/TRACE] [REI] [START] Reloading Section: "post-register/DefaultRuntimePlugin [roughlyenoughitems]/"
[21:48:57] [Worker-Main-12/TRACE] [REI] [START] Reloading Section: "post-register/DefaultRuntimePlugin [roughlyenoughitems]/" done in 13.38 μs
[21:48:57] [Worker-Main-12/TRACE] [REI] [START] Reloading Section: "post-register/" done in 2.092 ms
[21:48:57] [Worker-Main-12/INFO] [REI] Reloaded Plugin Manager [REIPlugin] with 3 plugins in 122.9 ms.
[21:48:57] [Worker-Main-12/TRACE] [REI] [START] Reloading Section: "post-register/"
[21:48:57] [Worker-Main-12/TRACE] [REI] [START] Reloading Section: "post-register/DefaultPluginImpl [roughlyenoughitems]/"
[21:48:57] [Worker-Main-12/TRACE] [REI] [START] Reloading Section: "post-register/DefaultPluginImpl [roughlyenoughitems]/" done in 25.08 μs
[21:48:57] [Worker-Main-12/TRACE] [REI] [START] Reloading Section: "post-register/JEIExtraPlugin [roughlyenoughitems]/"
[21:48:57] [Worker-Main-12/TRACE] [REI] [START] Reloading Section: "post-register/JEIExtraPlugin [roughlyenoughitems]/" done in 21.73 μs
[21:48:57] [Worker-Main-12/TRACE] [REI] [START] Reloading Section: "post-register/DefaultRuntimePlugin [roughlyenoughitems]/"
[21:48:57] [Worker-Main-12/TRACE] [REI] [START] Reloading Section: "post-register/DefaultRuntimePlugin [roughlyenoughitems]/" done in 12.25 μs
[21:48:57] [Worker-Main-12/TRACE] [REI] [START] Reloading Section: "post-register/" done in 1.467 ms
[21:48:57] [Worker-Main-12/INFO] [REI] Reloaded Plugin Manager [REIServerPlugin] with 3 plugins in 10.11 ms.
[21:48:57] [Worker-Main-12/TRACE] [REI] [END] Reloading Section: "pre-register/"
[21:48:57] [Worker-Main-12/TRACE] [REI] [END] Reloading Section: "pre-register/DefaultPluginImpl [roughlyenoughitems]/"
[21:48:57] [Worker-Main-12/TRACE] [REI] [END] Reloading Section: "pre-register/DefaultPluginImpl [roughlyenoughitems]/" done in 23.41 μs
[21:48:57] [Worker-Main-12/TRACE] [REI] [END] Reloading Section: "pre-register/JEIExtraPlugin [roughlyenoughitems]/"
[21:48:57] [Worker-Main-12/TRACE] [REI] [END] Reloading Section: "pre-register/JEIExtraPlugin [roughlyenoughitems]/" done in 15.42 μs
[21:48:57] [Worker-Main-12/TRACE] [REI] [END] Reloading Section: "pre-register/DefaultRuntimePlugin [roughlyenoughitems]/"
[21:48:57] [Worker-Main-12/TRACE] [REI] [END] Reloading Section: "pre-register/DefaultRuntimePlugin [roughlyenoughitems]/" done in 9.428 μs
[21:48:57] [Worker-Main-12/TRACE] [REI] [END] Reloading Section: "pre-register/" done in 1.412 ms
[21:48:57] [Worker-Main-12/TRACE] [REI] [END] Reloading Section: "pre-register/"
[21:48:57] [Worker-Main-12/TRACE] [REI] [END] Reloading Section: "pre-register/DefaultPluginImpl [roughlyenoughitems]/"
[21:48:57] [Worker-Main-12/TRACE] [REI] [END] Reloading Section: "pre-register/DefaultPluginImpl [roughlyenoughitems]/" done in 14.40 μs
[21:48:57] [Worker-Main-12/TRACE] [REI] [END] Reloading Section: "pre-register/JEIExtraPlugin [roughlyenoughitems]/"
[21:48:57] [Worker-Main-12/TRACE] [REI] [END] Reloading Section: "pre-register/JEIExtraPlugin [roughlyenoughitems]/" done in 12.98 μs
[21:48:57] [Worker-Main-12/TRACE] [REI] [END] Reloading Section: "pre-register/DefaultRuntimePlugin [roughlyenoughitems]/"
[21:48:57] [Worker-Main-12/TRACE] [REI] [END] Reloading Section: "pre-register/DefaultRuntimePlugin [roughlyenoughitems]/" done in 10.96 μs
[21:48:57] [Worker-Main-12/TRACE] [REI] [END] Reloading Section: "pre-register/" done in 1.357 ms
[21:48:57] [Worker-Main-12/TRACE] [REI] [END] Reloading Section: "start-reload/"
[21:48:57] [Worker-Main-12/TRACE] [REI] [END] Reloading Section: "start-reload/EntryTypeRegistryImpl/"
[21:48:57] [Worker-Main-12/TRACE] [REI] [END] Reloading Section: "start-reload/EntryTypeRegistryImpl/" done in 11.47 μs
[21:48:57] [Worker-Main-12/TRACE] [REI] [END] Reloading Section: "start-reload/EntrySettingsAdapterRegistryImpl/"
[21:48:57] [Worker-Main-12/TRACE] [REI] [END] Reloading Section: "start-reload/EntrySettingsAdapterRegistryImpl/" done in 107.4 μs
[21:48:57] [Worker-Main-12/TRACE] [REI] [END] Reloading Section: "start-reload/RecipeManagerContextImpl/"
[21:48:57] [Worker-Main-12/TRACE] [REI] [END] Reloading Section: "start-reload/RecipeManagerContextImpl/" done in 40.49 μs
[21:48:57] [Worker-Main-12/TRACE] [REI] [END] Reloading Section: "start-reload/ItemComparatorRegistryImpl/"
[21:48:57] [Worker-Main-12/TRACE] [REI] [END] Reloading Section: "start-reload/ItemComparatorRegistryImpl/" done in 10.30 μs
[21:48:57] [Worker-Main-12/TRACE] [REI] [END] Reloading Section: "start-reload/FluidComparatorRegistryImpl/"
[21:48:57] [Worker-Main-12/TRACE] [REI] [END] Reloading Section: "start-reload/FluidComparatorRegistryImpl/" done in 8.597 μs
[21:48:57] [Worker-Main-12/TRACE] [REI] [END] Reloading Section: "start-reload/DisplaySerializerRegistryImpl/"
[21:48:57] [Worker-Main-12/TRACE] [REI] [END] Reloading Section: "start-reload/DisplaySerializerRegistryImpl/" done in 106.5 μs
[21:48:57] [Worker-Main-12/TRACE] [REI] [END] Reloading Section: "start-reload/FluidSupportProviderImpl/"
[21:48:57] [Worker-Main-12/TRACE] [REI] [END] Reloading Section: "start-reload/FluidSupportProviderImpl/" done in 8.185 μs
[21:48:57] [Worker-Main-12/TRACE] [REI] [END] Reloading Section: "start-reload/" done in 3.175 ms
[21:48:57] [Worker-Main-12/INFO] [REI] Reloading Plugin Manager [REIPlugin] stage [END], registered 3 plugins: DefaultRuntimePlugin [roughlyenoughitems], JEIExtraPlugin [roughlyenoughitems], DefaultPluginImpl [roughlyenoughitems]
[21:48:57] [Worker-Main-12/TRACE] [REI] [END] Reloading Section: "reloadable-plugin/EntryTypeRegistryImpl/"
[21:48:57] [Worker-Main-12/TRACE] [REI] [END] Reloading Section: "reloadable-plugin/EntryTypeRegistryImpl/DefaultPluginImpl [roughlyenoughitems]/"
[21:48:57] [Worker-Main-12/TRACE] [REI] [END] Reloading Section: "reloadable-plugin/EntryTypeRegistryImpl/DefaultPluginImpl [roughlyenoughitems]/" done in 36.64 μs
[21:48:57] [Worker-Main-12/TRACE] [REI] [END] Reloading Section: "reloadable-plugin/EntryTypeRegistryImpl/JEIExtraPlugin [roughlyenoughitems]/"
[21:48:57] [Worker-Main-12/TRACE] [REI] [END] Reloading Section: "reloadable-plugin/EntryTypeRegistryImpl/JEIExtraPlugin [roughlyenoughitems]/" done in 13.17 μs
[21:48:57] [Worker-Main-12/TRACE] [REI] [END] Reloading Section: "reloadable-plugin/EntryTypeRegistryImpl/DefaultRuntimePlugin [roughlyenoughitems]/"
[21:48:57] [Worker-Main-12/TRACE] [REI] [END] Reloading Section: "reloadable-plugin/EntryTypeRegistryImpl/DefaultRuntimePlugin [roughlyenoughitems]/" done in 11.98 μs
[21:48:57] [Worker-Main-12/TRACE] [REI] [END] Reloading Section: "reloadable-plugin/EntryTypeRegistryImpl/" done in 1.268 ms
[21:48:57] [Worker-Main-12/TRACE] [REI] [END] Reloading Section: "reloadable-plugin/EntrySettingsAdapterRegistryImpl/"
[21:48:57] [Worker-Main-12/TRACE] [REI] [END] Reloading Section: "reloadable-plugin/EntrySettingsAdapterRegistryImpl/DefaultPluginImpl [roughlyenoughitems]/"
[21:48:57] [Worker-Main-12/TRACE] [REI] [END] Reloading Section: "reloadable-plugin/EntrySettingsAdapterRegistryImpl/DefaultPluginImpl [roughlyenoughitems]/" done in 29.17 μs
[21:48:57] [Worker-Main-12/TRACE] [REI] [END] Reloading Section: "reloadable-plugin/EntrySettingsAdapterRegistryImpl/JEIExtraPlugin [roughlyenoughitems]/"
[21:48:57] [Worker-Main-12/TRACE] [REI] [END] Reloading Section: "reloadable-plugin/EntrySettingsAdapterRegistryImpl/JEIExtraPlugin [roughlyenoughitems]/" done in 12.88 μs
[21:48:57] [Worker-Main-12/TRACE] [REI] [END] Reloading Section: "reloadable-plugin/EntrySettingsAdapterRegistryImpl/DefaultRuntimePlugin [roughlyenoughitems]/"
[21:48:57] [Worker-Main-12/TRACE] [REI] [END] Reloading Section: "reloadable-plugin/EntrySettingsAdapterRegistryImpl/DefaultRuntimePlugin [roughlyenoughitems]/" done in 11.82 μs
[21:48:57] [Worker-Main-12/TRACE] [REI] [END] Reloading Section: "reloadable-plugin/EntrySettingsAdapterRegistryImpl/" done in 1.274 ms
[21:48:57] [Worker-Main-12/TRACE] [REI] [END] Reloading Section: "reloadable-plugin/RecipeManagerContextImpl/"
[21:48:57] [Worker-Main-12/TRACE] [REI] [END] Reloading Section: "reloadable-plugin/RecipeManagerContextImpl/DefaultPluginImpl [roughlyenoughitems]/"
[21:48:57] [Worker-Main-12/TRACE] [REI] [END] Reloading Section: "reloadable-plugin/RecipeManagerContextImpl/DefaultPluginImpl [roughlyenoughitems]/" done in 13.76 μs
[21:48:57] [Worker-Main-12/TRACE] [REI] [END] Reloading Section: "reloadable-plugin/RecipeManagerContextImpl/JEIExtraPlugin [roughlyenoughitems]/"
[21:48:57] [Worker-Main-12/TRACE] [REI] [END] Reloading Section: "reloadable-plugin/RecipeManagerContextImpl/JEIExtraPlugin [roughlyenoughitems]/" done in 10.42 μs
[21:48:57] [Worker-Main-12/TRACE] [REI] [END] Reloading Section: "reloadable-plugin/RecipeManagerContextImpl/DefaultRuntimePlugin [roughlyenoughitems]/"
[21:48:57] [Worker-Main-12/TRACE] [REI] [END] Reloading Section: "reloadable-plugin/RecipeManagerContextImpl/DefaultRuntimePlugin [roughlyenoughitems]/" done in 30.47 μs
[21:48:57] [Worker-Main-12/TRACE] [REI] [END] Reloading Section: "reloadable-plugin/RecipeManagerContextImpl/" done in 1.165 ms
[21:48:57] [Worker-Main-12/TRACE] [REI] [END] Reloading Section: "reloadable-plugin/ItemComparatorRegistryImpl/"
[21:48:57] [Worker-Main-12/TRACE] [REI] [END] Reloading Section: "reloadable-plugin/ItemComparatorRegistryImpl/DefaultPluginImpl [roughlyenoughitems]/"
[21:48:57] [Worker-Main-12/TRACE] [REI] [END] Reloading Section: "reloadable-plugin/ItemComparatorRegistryImpl/DefaultPluginImpl [roughlyenoughitems]/" done in 14.47 μs
[21:48:57] [Worker-Main-12/TRACE] [REI] [END] Reloading Section: "reloadable-plugin/ItemComparatorRegistryImpl/JEIExtraPlugin [roughlyenoughitems]/"
[21:48:57] [Worker-Main-12/TRACE] [REI] [END] Reloading Section: "reloadable-plugin/ItemComparatorRegistryImpl/JEIExtraPlugin [roughlyenoughitems]/" done in 11.52 μs
[21:48:57] [Worker-Main-12/TRACE] [REI] [END] Reloading Section: "reloadable-plugin/ItemComparatorRegistryImpl/DefaultRuntimePlugin [roughlyenoughitems]/"
[21:48:57] [Worker-Main-12/TRACE] [REI] [END] Reloading Section: "reloadable-plugin/ItemComparatorRegistryImpl/DefaultRuntimePlugin [roughlyenoughitems]/" done in 11.66 μs
[21:48:57] [Worker-Main-12/TRACE] [REI] [END] Reloading Section: "reloadable-plugin/ItemComparatorRegistryImpl/" done in 1.281 ms
[21:48:57] [Worker-Main-12/TRACE] [REI] [END] Reloading Section: "reloadable-plugin/FluidComparatorRegistryImpl/"
[21:48:57] [Worker-Main-12/TRACE] [REI] [END] Reloading Section: "reloadable-plugin/FluidComparatorRegistryImpl/DefaultPluginImpl [roughlyenoughitems]/"
[21:48:57] [Worker-Main-12/TRACE] [REI] [END] Reloading Section: "reloadable-plugin/FluidComparatorRegistryImpl/DefaultPluginImpl [roughlyenoughitems]/" done in 12.18 μs
[21:48:57] [Worker-Main-12/TRACE] [REI] [END] Reloading Section: "reloadable-plugin/FluidComparatorRegistryImpl/JEIExtraPlugin [roughlyenoughitems]/"
[21:48:57] [Worker-Main-12/TRACE] [REI] [END] Reloading Section: "reloadable-plugin/FluidComparatorRegistryImpl/JEIExtraPlugin [roughlyenoughitems]/" done in 13.89 μs
[21:48:57] [Worker-Main-12/TRACE] [REI] [END] Reloading Section: "reloadable-plugin/FluidComparatorRegistryImpl/DefaultRuntimePlugin [roughlyenoughitems]/"
[21:48:57] [Worker-Main-12/TRACE] [REI] [END] Reloading Section: "reloadable-plugin/FluidComparatorRegistryImpl/DefaultRuntimePlugin [roughlyenoughitems]/" done in 10.56 μs
[21:48:57] [Worker-Main-12/TRACE] [REI] [END] Reloading Section: "reloadable-plugin/FluidComparatorRegistryImpl/" done in 1.200 ms
[21:48:57] [Worker-Main-12/TRACE] [REI] [END] Reloading Section: "reloadable-plugin/DisplaySerializerRegistryImpl/"
[21:48:57] [Worker-Main-12/TRACE] [REI] [END] Reloading Section: "reloadable-plugin/DisplaySerializerRegistryImpl/DefaultPluginImpl [roughlyenoughitems]/"
[21:48:57] [Worker-Main-12/TRACE] [REI] [END] Reloading Section: "reloadable-plugin/DisplaySerializerRegistryImpl/DefaultPluginImpl [roughlyenoughitems]/" done in 46.88 ms
[21:48:57] [Worker-Main-12/TRACE] [REI] [END] Reloading Section: "reloadable-plugin/DisplaySerializerRegistryImpl/JEIExtraPlugin [roughlyenoughitems]/"
[21:48:57] [Worker-Main-12/TRACE] [REI] [END] Reloading Section: "reloadable-plugin/DisplaySerializerRegistryImpl/JEIExtraPlugin [roughlyenoughitems]/" done in 25.61 μs
[21:48:57] [Worker-Main-12/TRACE] [REI] [END] Reloading Section: "reloadable-plugin/DisplaySerializerRegistryImpl/DefaultRuntimePlugin [roughlyenoughitems]/"
[21:48:57] [Worker-Main-12/TRACE] [REI] [END] Reloading Section: "reloadable-plugin/DisplaySerializerRegistryImpl/DefaultRuntimePlugin [roughlyenoughitems]/" done in 13.09 μs
[21:48:57] [Worker-Main-12/TRACE] [REI] [END] Reloading Section: "reloadable-plugin/DisplaySerializerRegistryImpl/" done in 48.32 ms
[21:48:57] [Worker-Main-12/TRACE] [REI] [END] Reloading Section: "reloadable-plugin/FluidSupportProviderImpl/"
[21:48:57] [Worker-Main-12/TRACE] [REI] [END] Reloading Section: "reloadable-plugin/FluidSupportProviderImpl/DefaultPluginImpl [roughlyenoughitems]/"
[21:48:57] [Worker-Main-12/TRACE] [REI] [END] Reloading Section: "reloadable-plugin/FluidSupportProviderImpl/DefaultPluginImpl [roughlyenoughitems]/" done in 10.21 μs
[21:48:57] [Worker-Main-12/TRACE] [REI] [END] Reloading Section: "reloadable-plugin/FluidSupportProviderImpl/JEIExtraPlugin [roughlyenoughitems]/"
[21:48:57] [Worker-Main-12/TRACE] [REI] [END] Reloading Section: "reloadable-plugin/FluidSupportProviderImpl/JEIExtraPlugin [roughlyenoughitems]/" done in 10.97 μs
[21:48:57] [Worker-Main-12/TRACE] [REI] [END] Reloading Section: "reloadable-plugin/FluidSupportProviderImpl/DefaultRuntimePlugin [roughlyenoughitems]/"
[21:48:57] [Worker-Main-12/TRACE] [REI] [END] Reloading Section: "reloadable-plugin/FluidSupportProviderImpl/DefaultRuntimePlugin [roughlyenoughitems]/" done in 11.24 μs
[21:48:57] [Worker-Main-12/TRACE] [REI] [END] Reloading Section: "reloadable-plugin/FluidSupportProviderImpl/" done in 1.164 ms
[21:48:57] [Worker-Main-12/TRACE] [REI] [END] Reloading Section: "end-reload/"
[21:48:57] [Worker-Main-12/TRACE] [REI] [END] Reloading Section: "end-reload/EntryTypeRegistryImpl/"
[21:48:57] [Worker-Main-12/TRACE] [REI] [END] Reloading Section: "end-reload/EntryTypeRegistryImpl/" done in 6.732 μs
[21:48:57] [Worker-Main-12/TRACE] [REI] [END] Reloading Section: "end-reload/EntrySettingsAdapterRegistryImpl/"
[21:48:57] [Worker-Main-12/TRACE] [REI] [END] Reloading Section: "end-reload/EntrySettingsAdapterRegistryImpl/" done in 6.041 μs
[21:48:57] [Worker-Main-12/TRACE] [REI] [END] Reloading Section: "end-reload/RecipeManagerContextImpl/"
[21:48:57] [Worker-Main-12/TRACE] [REI] [END] Reloading Section: "end-reload/RecipeManagerContextImpl/" done in 5.891 μs
[21:48:57] [Worker-Main-12/TRACE] [REI] [END] Reloading Section: "end-reload/ItemComparatorRegistryImpl/"
[21:48:57] [Worker-Main-12/TRACE] [REI] [END] Reloading Section: "end-reload/ItemComparatorRegistryImpl/" done in 7.644 μs
[21:48:57] [Worker-Main-12/TRACE] [REI] [END] Reloading Section: "end-reload/FluidComparatorRegistryImpl/"
[21:48:57] [Worker-Main-12/TRACE] [REI] [END] Reloading Section: "end-reload/FluidComparatorRegistryImpl/" done in 5.992 μs
[21:48:57] [Worker-Main-12/TRACE] [REI] [END] Reloading Section: "end-reload/DisplaySerializerRegistryImpl/"
[21:48:57] [Worker-Main-12/TRACE] [REI] [END] Reloading Section: "end-reload/DisplaySerializerRegistryImpl/" done in 5.931 μs
[21:48:57] [Worker-Main-12/TRACE] [REI] [END] Reloading Section: "end-reload/FluidSupportProviderImpl/"
[21:48:57] [Worker-Main-12/TRACE] [REI] [END] Reloading Section: "end-reload/FluidSupportProviderImpl/" done in 7.534 μs
[21:48:57] [Worker-Main-12/TRACE] [REI] [END] Reloading Section: "end-reload/" done in 2.497 ms
[21:48:57] [Worker-Main-12/TRACE] [REI] [END] Reloading Section: "start-reload/"
[21:48:57] [Worker-Main-12/TRACE] [REI] [END] Reloading Section: "start-reload/MenuInfoRegistryImpl/"
[21:48:57] [Worker-Main-12/TRACE] [REI] [END] Reloading Section: "start-reload/MenuInfoRegistryImpl/" done in 109.8 μs
[21:48:57] [Worker-Main-12/TRACE] [REI] [END] Reloading Section: "start-reload/" done in 863.9 μs
[21:48:57] [Worker-Main-12/INFO] [REI] Reloading Plugin Manager [REIServerPlugin] stage [END], registered 3 plugins: DefaultRuntimePlugin [roughlyenoughitems], JEIExtraPlugin [roughlyenoughitems], DefaultPluginImpl [roughlyenoughitems]
[21:48:57] [Worker-Main-12/TRACE] [REI] [END] Reloading Section: "reloadable-plugin/MenuInfoRegistryImpl/"
[21:48:57] [Worker-Main-12/TRACE] [REI] [END] Reloading Section: "reloadable-plugin/MenuInfoRegistryImpl/DefaultPluginImpl [roughlyenoughitems]/"
[21:48:58] [Worker-Main-12/TRACE] [REI] [END] Reloading Section: "reloadable-plugin/MenuInfoRegistryImpl/DefaultPluginImpl [roughlyenoughitems]/" done in 18.86 ms
[21:48:58] [Worker-Main-12/TRACE] [REI] [END] Reloading Section: "reloadable-plugin/MenuInfoRegistryImpl/JEIExtraPlugin [roughlyenoughitems]/"
[21:48:58] [Worker-Main-12/TRACE] [REI] [END] Reloading Section: "reloadable-plugin/MenuInfoRegistryImpl/JEIExtraPlugin [roughlyenoughitems]/" done in 2.222 ms
[21:48:58] [Worker-Main-12/TRACE] [REI] [END] Reloading Section: "reloadable-plugin/MenuInfoRegistryImpl/DefaultRuntimePlugin [roughlyenoughitems]/"
[21:48:58] [Worker-Main-12/TRACE] [REI] [END] Reloading Section: "reloadable-plugin/MenuInfoRegistryImpl/DefaultRuntimePlugin [roughlyenoughitems]/" done in 44.73 μs
[21:48:58] [Worker-Main-12/TRACE] [REI] [END] Reloading Section: "reloadable-plugin/MenuInfoRegistryImpl/" done in 23.70 ms
[21:48:58] [Worker-Main-12/TRACE] [REI] [END] Reloading Section: "end-reload/"
[21:48:58] [Worker-Main-12/TRACE] [REI] [END] Reloading Section: "end-reload/MenuInfoRegistryImpl/"
[21:48:58] [Worker-Main-12/TRACE] [REI] [END] Reloading Section: "end-reload/MenuInfoRegistryImpl/" done in 7.955 μs
[21:48:58] [Worker-Main-12/TRACE] [REI] [END] Reloading Section: "end-reload/" done in 438.8 μs
[21:48:58] [Worker-Main-12/TRACE] [REI] [END] Reloading Section: "post-register/"
[21:48:58] [Worker-Main-12/TRACE] [REI] [END] Reloading Section: "post-register/DefaultPluginImpl [roughlyenoughitems]/"
[21:48:58] [Worker-Main-12/TRACE] [REI] [END] Reloading Section: "post-register/DefaultPluginImpl [roughlyenoughitems]/" done in 13.84 μs
[21:48:58] [Worker-Main-12/TRACE] [REI] [END] Reloading Section: "post-register/JEIExtraPlugin [roughlyenoughitems]/"
[21:48:58] [Worker-Main-12/TRACE] [REI] [END] Reloading Section: "post-register/JEIExtraPlugin [roughlyenoughitems]/" done in 10.23 μs
[21:48:58] [Worker-Main-12/TRACE] [REI] [END] Reloading Section: "post-register/DefaultRuntimePlugin [roughlyenoughitems]/"
[21:48:58] [Worker-Main-12/TRACE] [REI] [END] Reloading Section: "post-register/DefaultRuntimePlugin [roughlyenoughitems]/" done in 8.226 μs
[21:48:58] [Worker-Main-12/TRACE] [REI] [END] Reloading Section: "post-register/" done in 1.113 ms
[21:48:58] [Worker-Main-12/INFO] [REI] Reloaded Plugin Manager [REIPlugin] with 3 plugins in 68.71 ms.
[21:48:58] [Worker-Main-12/TRACE] [REI] [END] Reloading Section: "post-register/"
[21:48:58] [Worker-Main-12/TRACE] [REI] [END] Reloading Section: "post-register/DefaultPluginImpl [roughlyenoughitems]/"
[21:48:58] [Worker-Main-12/TRACE] [REI] [END] Reloading Section: "post-register/DefaultPluginImpl [roughlyenoughitems]/" done in 18.29 μs
[21:48:58] [Worker-Main-12/TRACE] [REI] [END] Reloading Section: "post-register/JEIExtraPlugin [roughlyenoughitems]/"
[21:48:58] [Worker-Main-12/TRACE] [REI] [END] Reloading Section: "post-register/JEIExtraPlugin [roughlyenoughitems]/" done in 12.34 μs
[21:48:58] [Worker-Main-12/TRACE] [REI] [END] Reloading Section: "post-register/DefaultRuntimePlugin [roughlyenoughitems]/"
[21:48:58] [Worker-Main-12/TRACE] [REI] [END] Reloading Section: "post-register/DefaultRuntimePlugin [roughlyenoughitems]/" done in 9.017 μs
[21:48:58] [Worker-Main-12/TRACE] [REI] [END] Reloading Section: "post-register/" done in 1.423 ms
[21:48:58] [Worker-Main-12/INFO] [REI] Reloaded Plugin Manager [REIServerPlugin] with 3 plugins in 31.19 ms.
